2022-02-08 11:17:22,368 INFO org.hibernate.validator.internal.util.Version [background-preinit] HV000001: Hibernate Validator 6.2.0.Final
2022-02-08 11:17:22,426 INFO org.springframework.boot.StartupInfoLogger [main] Starting PortalApplication using Java 17.0.1 on LAPTOP-NQ4B3A37 with PID 9672 (E:\PROJECT-1\target\classes started by Kavin Prasath in E:\PROJECT-1)
2022-02-08 11:17:22,427 INFO org.springframework.boot.SpringApplication [main] No active profile set, falling back to default profiles: default
2022-02-08 11:17:23,661 INFO org.springframework.data.repository.config.RepositoryConfigurationDelegate [main] Multiple Spring Data modules found, entering strict repository configuration mode!
2022-02-08 11:17:23,665 INFO org.springframework.data.repository.config.RepositoryConfigurationDelegate [main] Bootstrapping Spring Data JDBC repositories in DEFAULT mode.
2022-02-08 11:17:23,700 INFO org.springframework.data.repository.config.RepositoryConfigurationExtensionSupport [main] Spring Data JDBC - Could not safely identify store assignment for repository candidate interface com.oams.portal.dao.StaffRepo. If you want this repository to be a JDBC repository, consider annotating your entities with one of these annotations: org.springframework.data.relational.core.mapping.Table.
2022-02-08 11:17:23,702 INFO org.springframework.data.repository.config.RepositoryConfigurationExtensionSupport [main] Spring Data JDBC - Could not safely identify store assignment for repository candidate interface com.oams.portal.dao.StudentJpaRepo. If you want this repository to be a JDBC repository, consider annotating your entities with one of these annotations: org.springframework.data.relational.core.mapping.Table.
2022-02-08 11:17:23,702 INFO org.springframework.data.repository.config.RepositoryConfigurationDelegate [main] Finished Spring Data repository scanning in 33 ms. Found 0 JDBC repository interfaces.
2022-02-08 11:17:23,706 INFO org.springframework.data.repository.config.RepositoryConfigurationDelegate [main] Multiple Spring Data modules found, entering strict repository configuration mode!
2022-02-08 11:17:23,706 INFO org.springframework.data.repository.config.RepositoryConfigurationDelegate [main] Bootstrapping Spring Data JPA repositories in DEFAULT mode.
2022-02-08 11:17:23,760 INFO org.springframework.data.repository.config.RepositoryConfigurationDelegate [main] Finished Spring Data repository scanning in 42 ms. Found 2 JPA repository interfaces.
2022-02-08 11:17:23,908 WARN org.mybatis.logging.Logger [main] Skipping MapperFactoryBean with name 'staffRepo' and 'com.oams.portal.dao.StaffRepo' mapperInterface. Bean already defined with the same name!
2022-02-08 11:17:23,908 WARN org.mybatis.logging.Logger [main] Skipping MapperFactoryBean with name 'studentJpaRepo' and 'com.oams.portal.dao.StudentJpaRepo' mapperInterface. Bean already defined with the same name!
2022-02-08 11:17:23,914 WARN org.mybatis.logging.Logger [main] No MyBatis mapper was found in '[com.oams.portal.projections]' package. Please check your configuration.
2022-02-08 11:17:24,828 INFO org.springframework.boot.web.embedded.tomcat.TomcatWebServer [main] Tomcat initialized with port(s): 8080 (http)
2022-02-08 11:17:24,851 INFO org.apache.juli.logging.DirectJDKLog [main] Initializing ProtocolHandler ["http-nio-8080"]
2022-02-08 11:17:24,851 INFO org.apache.juli.logging.DirectJDKLog [main] Starting service [Tomcat]
2022-02-08 11:17:24,851 INFO org.apache.juli.logging.DirectJDKLog [main] Starting Servlet engine: [Apache Tomcat/9.0.56]
2022-02-08 11:17:25,152 INFO org.apache.juli.logging.DirectJDKLog [main] Initializing Spring embedded WebApplicationContext
2022-02-08 11:17:25,153 INFO org.springframework.boot.web.servlet.context.ServletWebServerApplicationContext [main] Root WebApplicationContext: initialization completed in 2542 ms
2022-02-08 11:17:25,220 INFO com.zaxxer.hikari.HikariDataSource [main] HikariPool-1 - Starting...
2022-02-08 11:17:25,573 INFO com.zaxxer.hikari.HikariDataSource [main] HikariPool-1 - Start completed.
2022-02-08 11:17:25,603 INFO org.springframework.boot.autoconfigure.h2.H2ConsoleAutoConfiguration [main] H2 console available at '/h2-console'. Database available at 'jdbc:h2:mem:~/test'
2022-02-08 11:17:25,859 INFO org.hibernate.jpa.internal.util.LogHelper [main] HHH000204: Processing PersistenceUnitInfo [name: default]
2022-02-08 11:17:25,928 INFO org.hibernate.Version [main] HHH000412: Hibernate ORM core version 5.6.4.Final
2022-02-08 11:17:26,099 INFO org.hibernate.annotations.common.reflection.java.JavaReflectionManager [main] HCANN000001: Hibernate Commons Annotations {5.1.2.Final}
2022-02-08 11:17:26,221 INFO org.hibernate.dialect.Dialect [main] HHH000400: Using dialect: org.hibernate.dialect.H2Dialect
2022-02-08 11:17:26,935 INFO org.hibernate.engine.transaction.jta.platform.internal.JtaPlatformInitiator [main] HHH000490: Using JtaPlatform implementation: [org.hibernate.engine.transaction.jta.platform.internal.NoJtaPlatform]
2022-02-08 11:17:26,945 INFO org.springframework.orm.jpa.AbstractEntityManagerFactoryBean [main] Initialized JPA EntityManagerFactory for persistence unit 'default'
2022-02-08 11:17:26,987 WARN org.springframework.boot.autoconfigure.orm.jpa.JpaBaseConfiguration$JpaWebConfiguration [main] spring.jpa.open-in-view is enabled by default. Therefore, database queries may be performed during view rendering. Explicitly configure spring.jpa.open-in-view to disable this warning
2022-02-08 11:17:27,757 INFO org.springframework.security.web.DefaultSecurityFilterChain [main] Will secure Ant [pattern='/student/form'] with []
2022-02-08 11:17:27,757 INFO org.springframework.security.web.DefaultSecurityFilterChain [main] Will secure Ant [pattern='/student/register'] with []
2022-02-08 11:17:27,757 INFO org.springframework.security.web.DefaultSecurityFilterChain [main] Will secure Ant [pattern='/h2-console/**'] with []
2022-02-08 11:17:27,757 INFO org.springframework.security.web.DefaultSecurityFilterChain [main] Will secure Ant [pattern='/downloadFile/*'] with []
2022-02-08 11:17:27,758 INFO org.springframework.security.web.DefaultSecurityFilterChain [main] Will secure Ant [pattern='/h2-console/**'] with []
2022-02-08 11:17:27,758 INFO org.springframework.security.web.DefaultSecurityFilterChain [main] Will secure Ant [pattern='/downloadFile/*'] with []
2022-02-08 11:17:27,758 INFO org.springframework.security.web.DefaultSecurityFilterChain [main] Will secure Ant [pattern='/uploads/**'] with []
2022-02-08 11:17:27,758 INFO org.springframework.security.web.DefaultSecurityFilterChain [main] Will secure Ant [pattern='/resources/**'] with []
2022-02-08 11:17:27,759 INFO org.springframework.security.web.DefaultSecurityFilterChain [main] Will secure Ant [pattern='/webjars/**'] with []
2022-02-08 11:17:27,759 INFO org.springframework.security.web.DefaultSecurityFilterChain [main] Will secure Ant [pattern='/student/form'] with []
2022-02-08 11:17:27,759 INFO org.springframework.security.web.DefaultSecurityFilterChain [main] Will secure Ant [pattern='/student/register'] with []
2022-02-08 11:17:27,760 INFO org.springframework.security.web.DefaultSecurityFilterChain [main] Will secure Ant [pattern='/h2-console/**'] with []
2022-02-08 11:17:27,761 INFO org.springframework.security.web.DefaultSecurityFilterChain [main] Will secure Ant [pattern='/downloadFile/*'] with []
2022-02-08 11:17:27,761 INFO org.springframework.security.web.DefaultSecurityFilterChain [main] Will secure Ant [pattern='/h2-console/**'] with []
2022-02-08 11:17:27,761 INFO org.springframework.security.web.DefaultSecurityFilterChain [main] Will secure Ant [pattern='/uploads/**'] with []
2022-02-08 11:17:27,761 INFO org.springframework.security.web.DefaultSecurityFilterChain [main] Will secure Ant [pattern='/resources/**'] with []
2022-02-08 11:17:27,761 INFO org.springframework.security.web.DefaultSecurityFilterChain [main] Will secure Ant [pattern='/webjars/**'] with []
2022-02-08 11:17:27,784 INFO org.springframework.security.web.DefaultSecurityFilterChain [main] Will secure Ant [pattern='/student/**'] with [org.springframework.security.web.context.request.async.WebAsyncManagerIntegrationFilter@426940f9, org.springframework.security.web.context.SecurityContextPersistenceFilter@1f2497d9, org.springframework.security.web.header.HeaderWriterFilter@6d658aa8, org.springframework.security.web.authentication.logout.LogoutFilter@33425171, org.springframework.security.web.authentication.UsernamePasswordAuthenticationFilter@7022fb5c, org.springframework.security.web.savedrequest.RequestCacheAwareFilter@6c537267, org.springframework.security.web.servletapi.SecurityContextHolderAwareRequestFilter@7962c1d5, org.springframework.security.web.authentication.AnonymousAuthenticationFilter@447630c4, org.springframework.security.web.session.SessionManagementFilter@3472f3ab, org.springframework.security.web.access.ExceptionTranslationFilter@4440750, org.springframework.security.web.access.intercept.FilterSecurityInterceptor@3cb376a3]
2022-02-08 11:17:27,801 INFO org.springframework.security.web.DefaultSecurityFilterChain [main] Will secure Ant [pattern='/staff/**'] with [org.springframework.security.web.context.request.async.WebAsyncManagerIntegrationFilter@53153d5e, org.springframework.security.web.context.SecurityContextPersistenceFilter@17ebbf1e, org.springframework.security.web.header.HeaderWriterFilter@1fcf73b9, org.springframework.security.web.authentication.logout.LogoutFilter@4c6fabba, org.springframework.security.web.authentication.UsernamePasswordAuthenticationFilter@166d576b, org.springframework.security.web.savedrequest.RequestCacheAwareFilter@5c65fa69, org.springframework.security.web.servletapi.SecurityContextHolderAwareRequestFilter@38d308e7, org.springframework.security.web.authentication.AnonymousAuthenticationFilter@5b407336, org.springframework.security.web.session.SessionManagementFilter@3b80bb63, org.springframework.security.web.access.ExceptionTranslationFilter@61555218, org.springframework.security.web.access.intercept.FilterSecurityInterceptor@3d5e0bf0]
2022-02-08 11:17:27,801 INFO org.springframework.security.web.DefaultSecurityFilterChain [main] Will secure any request with [org.springframework.security.web.context.request.async.WebAsyncManagerIntegrationFilter@463a1f47, org.springframework.security.web.context.SecurityContextPersistenceFilter@7d4135c9, org.springframework.security.web.header.HeaderWriterFilter@43b3b1b0, org.springframework.security.web.csrf.CsrfFilter@4027edeb, org.springframework.security.web.authentication.logout.LogoutFilter@426a4301, org.springframework.security.web.authentication.UsernamePasswordAuthenticationFilter@410f1452, org.springframework.security.web.authentication.ui.DefaultLoginPageGeneratingFilter@33bf2602, org.springframework.security.web.authentication.ui.DefaultLogoutPageGeneratingFilter@23ade612, org.springframework.security.web.savedrequest.RequestCacheAwareFilter@59db8216, org.springframework.security.web.servletapi.SecurityContextHolderAwareRequestFilter@7bb86ac, org.springframework.security.web.authentication.AnonymousAuthenticationFilter@47224d5d, org.springframework.security.web.session.SessionManagementFilter@2f6d8c9, org.springframework.security.web.access.ExceptionTranslationFilter@48cd8e71, org.springframework.security.web.access.intercept.FilterSecurityInterceptor@2148b47e]
2022-02-08 11:17:28,358 INFO org.apache.juli.logging.DirectJDKLog [main] Starting ProtocolHandler ["http-nio-8080"]
2022-02-08 11:17:28,406 INFO org.springframework.boot.web.embedded.tomcat.TomcatWebServer [main] Tomcat started on port(s): 8080 (http) with context path ''
2022-02-08 11:17:28,409 INFO org.springframework.boot.StartupInfoLogger [main] Started PortalApplication in 7.019 seconds (JVM running for 8.176)
2022-02-08 11:17:45,787 INFO org.apache.juli.logging.DirectJDKLog [http-nio-8080-exec-1] Initializing Spring DispatcherServlet 'dispatcherServlet'
2022-02-08 11:17:45,787 INFO org.springframework.web.servlet.FrameworkServlet [http-nio-8080-exec-1] Initializing Servlet 'dispatcherServlet'
2022-02-08 11:17:45,789 INFO org.springframework.web.servlet.FrameworkServlet [http-nio-8080-exec-1] Completed initialization in 2 ms
2022-02-08 11:19:31,786 INFO org.springframework.orm.jpa.AbstractEntityManagerFactoryBean [SpringApplicationShutdownHook] Closing JPA EntityManagerFactory for persistence unit 'default'
2022-02-08 11:19:31,808 INFO com.zaxxer.hikari.HikariDataSource [SpringApplicationShutdownHook] HikariPool-1 - Shutdown initiated...
2022-02-08 11:19:31,816 INFO com.zaxxer.hikari.HikariDataSource [SpringApplicationShutdownHook] HikariPool-1 - Shutdown completed.
2022-02-08 11:19:36,368 INFO org.hibernate.validator.internal.util.Version [background-preinit] HV000001: Hibernate Validator 6.2.0.Final
2022-02-08 11:19:36,660 INFO org.springframework.boot.StartupInfoLogger [main] Starting PortalApplication using Java 17.0.1 on LAPTOP-NQ4B3A37 with PID 2776 (E:\PROJECT-1\target\classes started by Kavin Prasath in E:\PROJECT-1)
2022-02-08 11:19:36,660 INFO org.springframework.boot.SpringApplication [main] No active profile set, falling back to default profiles: default
2022-02-08 11:19:38,280 INFO org.springframework.data.repository.config.RepositoryConfigurationDelegate [main] Multiple Spring Data modules found, entering strict repository configuration mode!
2022-02-08 11:19:38,281 INFO org.springframework.data.repository.config.RepositoryConfigurationDelegate [main] Bootstrapping Spring Data JDBC repositories in DEFAULT mode.
2022-02-08 11:19:38,314 INFO org.springframework.data.repository.config.RepositoryConfigurationExtensionSupport [main] Spring Data JDBC - Could not safely identify store assignment for repository candidate interface com.oams.portal.dao.StaffRepo. If you want this repository to be a JDBC repository, consider annotating your entities with one of these annotations: org.springframework.data.relational.core.mapping.Table.
2022-02-08 11:19:38,317 INFO org.springframework.data.repository.config.RepositoryConfigurationExtensionSupport [main] Spring Data JDBC - Could not safely identify store assignment for repository candidate interface com.oams.portal.dao.StudentJpaRepo. If you want this repository to be a JDBC repository, consider annotating your entities with one of these annotations: org.springframework.data.relational.core.mapping.Table.
2022-02-08 11:19:38,318 INFO org.springframework.data.repository.config.RepositoryConfigurationDelegate [main] Finished Spring Data repository scanning in 30 ms. Found 0 JDBC repository interfaces.
2022-02-08 11:19:38,326 INFO org.springframework.data.repository.config.RepositoryConfigurationDelegate [main] Multiple Spring Data modules found, entering strict repository configuration mode!
2022-02-08 11:19:38,329 INFO org.springframework.data.repository.config.RepositoryConfigurationDelegate [main] Bootstrapping Spring Data JPA repositories in DEFAULT mode.
2022-02-08 11:19:38,377 INFO org.springframework.data.repository.config.RepositoryConfigurationDelegate [main] Finished Spring Data repository scanning in 44 ms. Found 2 JPA repository interfaces.
2022-02-08 11:19:38,578 WARN org.mybatis.logging.Logger [main] Skipping MapperFactoryBean with name 'staffRepo' and 'com.oams.portal.dao.StaffRepo' mapperInterface. Bean already defined with the same name!
2022-02-08 11:19:38,578 WARN org.mybatis.logging.Logger [main] Skipping MapperFactoryBean with name 'studentJpaRepo' and 'com.oams.portal.dao.StudentJpaRepo' mapperInterface. Bean already defined with the same name!
2022-02-08 11:19:38,578 WARN org.mybatis.logging.Logger [main] No MyBatis mapper was found in '[com.oams.portal.projections]' package. Please check your configuration.
2022-02-08 11:19:39,410 INFO org.springframework.boot.web.embedded.tomcat.TomcatWebServer [main] Tomcat initialized with port(s): 8080 (http)
2022-02-08 11:19:39,441 INFO org.apache.juli.logging.DirectJDKLog [main] Initializing ProtocolHandler ["http-nio-8080"]
2022-02-08 11:19:39,443 INFO org.apache.juli.logging.DirectJDKLog [main] Starting service [Tomcat]
2022-02-08 11:19:39,443 INFO org.apache.juli.logging.DirectJDKLog [main] Starting Servlet engine: [Apache Tomcat/9.0.56]
2022-02-08 11:19:39,799 INFO org.apache.juli.logging.DirectJDKLog [main] Initializing Spring embedded WebApplicationContext
2022-02-08 11:19:39,804 INFO org.springframework.boot.web.servlet.context.ServletWebServerApplicationContext [main] Root WebApplicationContext: initialization completed in 2992 ms
2022-02-08 11:19:39,871 INFO com.zaxxer.hikari.HikariDataSource [main] HikariPool-1 - Starting...
2022-02-08 11:19:40,544 INFO com.zaxxer.hikari.HikariDataSource [main] HikariPool-1 - Start completed.
2022-02-08 11:19:40,576 INFO org.springframework.boot.autoconfigure.h2.H2ConsoleAutoConfiguration [main] H2 console available at '/h2-console'. Database available at 'jdbc:h2:mem:~/test'
2022-02-08 11:19:40,746 INFO org.hibernate.jpa.internal.util.LogHelper [main] HHH000204: Processing PersistenceUnitInfo [name: default]
2022-02-08 11:19:40,807 INFO org.hibernate.Version [main] HHH000412: Hibernate ORM core version 5.6.4.Final
2022-02-08 11:19:40,991 INFO org.hibernate.annotations.common.reflection.java.JavaReflectionManager [main] HCANN000001: Hibernate Commons Annotations {5.1.2.Final}
2022-02-08 11:19:41,157 INFO org.hibernate.dialect.Dialect [main] HHH000400: Using dialect: org.hibernate.dialect.H2Dialect
2022-02-08 11:19:42,040 INFO org.hibernate.engine.transaction.jta.platform.internal.JtaPlatformInitiator [main] HHH000490: Using JtaPlatform implementation: [org.hibernate.engine.transaction.jta.platform.internal.NoJtaPlatform]
2022-02-08 11:19:42,056 INFO org.springframework.orm.jpa.AbstractEntityManagerFactoryBean [main] Initialized JPA EntityManagerFactory for persistence unit 'default'
2022-02-08 11:19:42,117 WARN org.springframework.boot.autoconfigure.orm.jpa.JpaBaseConfiguration$JpaWebConfiguration [main] spring.jpa.open-in-view is enabled by default. Therefore, database queries may be performed during view rendering. Explicitly configure spring.jpa.open-in-view to disable this warning
2022-02-08 11:19:43,855 INFO org.springframework.security.web.DefaultSecurityFilterChain [main] Will secure Ant [pattern='/student/form'] with []
2022-02-08 11:19:43,856 INFO org.springframework.security.web.DefaultSecurityFilterChain [main] Will secure Ant [pattern='/student/register'] with []
2022-02-08 11:19:43,857 INFO org.springframework.security.web.DefaultSecurityFilterChain [main] Will secure Ant [pattern='/h2-console/**'] with []
2022-02-08 11:19:43,857 INFO org.springframework.security.web.DefaultSecurityFilterChain [main] Will secure Ant [pattern='/downloadFile/*'] with []
2022-02-08 11:19:43,858 INFO org.springframework.security.web.DefaultSecurityFilterChain [main] Will secure Ant [pattern='/h2-console/**'] with []
2022-02-08 11:19:43,859 INFO org.springframework.security.web.DefaultSecurityFilterChain [main] Will secure Ant [pattern='/downloadFile/*'] with []
2022-02-08 11:19:43,859 INFO org.springframework.security.web.DefaultSecurityFilterChain [main] Will secure Ant [pattern='/uploads/**'] with []
2022-02-08 11:19:43,861 INFO org.springframework.security.web.DefaultSecurityFilterChain [main] Will secure Ant [pattern='/resources/**'] with []
2022-02-08 11:19:43,861 INFO org.springframework.security.web.DefaultSecurityFilterChain [main] Will secure Ant [pattern='/webjars/**'] with []
2022-02-08 11:19:43,861 INFO org.springframework.security.web.DefaultSecurityFilterChain [main] Will secure Ant [pattern='/student/form'] with []
2022-02-08 11:19:43,862 INFO org.springframework.security.web.DefaultSecurityFilterChain [main] Will secure Ant [pattern='/student/register'] with []
2022-02-08 11:19:43,862 INFO org.springframework.security.web.DefaultSecurityFilterChain [main] Will secure Ant [pattern='/h2-console/**'] with []
2022-02-08 11:19:43,863 INFO org.springframework.security.web.DefaultSecurityFilterChain [main] Will secure Ant [pattern='/downloadFile/*'] with []
2022-02-08 11:19:43,863 INFO org.springframework.security.web.DefaultSecurityFilterChain [main] Will secure Ant [pattern='/h2-console/**'] with []
2022-02-08 11:19:43,864 INFO org.springframework.security.web.DefaultSecurityFilterChain [main] Will secure Ant [pattern='/uploads/**'] with []
2022-02-08 11:19:43,864 INFO org.springframework.security.web.DefaultSecurityFilterChain [main] Will secure Ant [pattern='/resources/**'] with []
2022-02-08 11:19:43,865 INFO org.springframework.security.web.DefaultSecurityFilterChain [main] Will secure Ant [pattern='/webjars/**'] with []
2022-02-08 11:19:43,921 INFO org.springframework.security.web.DefaultSecurityFilterChain [main] Will secure Ant [pattern='/student/**'] with [org.springframework.security.web.context.request.async.WebAsyncManagerIntegrationFilter@5b76b891, org.springframework.security.web.context.SecurityContextPersistenceFilter@3c2f310c, org.springframework.security.web.header.HeaderWriterFilter@6166aac5, org.springframework.security.web.authentication.logout.LogoutFilter@7962c1d5, org.springframework.security.web.authentication.UsernamePasswordAuthenticationFilter@63e0057a, org.springframework.security.web.savedrequest.RequestCacheAwareFilter@40071890, org.springframework.security.web.servletapi.SecurityContextHolderAwareRequestFilter@556ae220, org.springframework.security.web.authentication.AnonymousAuthenticationFilter@611a91df, org.springframework.security.web.session.SessionManagementFilter@1d4531fa, org.springframework.security.web.access.ExceptionTranslationFilter@370a935f, org.springframework.security.web.access.intercept.FilterSecurityInterceptor@3ff3275b]
2022-02-08 11:19:43,925 INFO org.springframework.security.web.DefaultSecurityFilterChain [main] Will secure Ant [pattern='/staff/**'] with [org.springframework.security.web.context.request.async.WebAsyncManagerIntegrationFilter@5c65fa69, org.springframework.security.web.context.SecurityContextPersistenceFilter@5bddd141, org.springframework.security.web.header.HeaderWriterFilter@1f02b6d1, org.springframework.security.web.authentication.logout.LogoutFilter@3cb376a3, org.springframework.security.web.authentication.UsernamePasswordAuthenticationFilter@17ebbf1e, org.springframework.security.web.savedrequest.RequestCacheAwareFilter@4d6027be, org.springframework.security.web.servletapi.SecurityContextHolderAwareRequestFilter@475eb4fd, org.springframework.security.web.authentication.AnonymousAuthenticationFilter@38d308e7, org.springframework.security.web.session.SessionManagementFilter@66a50c93, org.springframework.security.web.access.ExceptionTranslationFilter@5c194652, org.springframework.security.web.access.intercept.FilterSecurityInterceptor@3b80bb63]
2022-02-08 11:19:43,933 INFO org.springframework.security.web.DefaultSecurityFilterChain [main] Will secure any request with [org.springframework.security.web.context.request.async.WebAsyncManagerIntegrationFilter@3c2fa57a, org.springframework.security.web.context.SecurityContextPersistenceFilter@5b407336, org.springframework.security.web.header.HeaderWriterFilter@166d576b, org.springframework.security.web.csrf.CsrfFilter@24558113, org.springframework.security.web.authentication.logout.LogoutFilter@394e504d, org.springframework.security.web.authentication.UsernamePasswordAuthenticationFilter@632d1b1b, org.springframework.security.web.authentication.ui.DefaultLoginPageGeneratingFilter@10230657, org.springframework.security.web.authentication.ui.DefaultLogoutPageGeneratingFilter@4027edeb, org.springframework.security.web.savedrequest.RequestCacheAwareFilter@160cf225, org.springframework.security.web.servletapi.SecurityContextHolderAwareRequestFilter@6a262980, org.springframework.security.web.authentication.AnonymousAuthenticationFilter@48cd8e71, org.springframework.security.web.session.SessionManagementFilter@53153d5e, org.springframework.security.web.access.ExceptionTranslationFilter@3d5e0bf0, org.springframework.security.web.access.intercept.FilterSecurityInterceptor@796e2187]
2022-02-08 11:19:44,531 INFO org.apache.juli.logging.DirectJDKLog [main] Starting ProtocolHandler ["http-nio-8080"]
2022-02-08 11:19:44,592 INFO org.springframework.boot.web.embedded.tomcat.TomcatWebServer [main] Tomcat started on port(s): 8080 (http) with context path ''
2022-02-08 11:19:44,600 INFO org.springframework.boot.StartupInfoLogger [main] Started PortalApplication in 8.967 seconds (JVM running for 9.956)
2022-02-08 11:19:46,589 INFO org.apache.juli.logging.DirectJDKLog [http-nio-8080-exec-1] Initializing Spring DispatcherServlet 'dispatcherServlet'
2022-02-08 11:19:46,589 INFO org.springframework.web.servlet.FrameworkServlet [http-nio-8080-exec-1] Initializing Servlet 'dispatcherServlet'
2022-02-08 11:19:46,589 INFO org.springframework.web.servlet.FrameworkServlet [http-nio-8080-exec-1] Completed initialization in 0 ms
